1655309424907	geckodriver	INFO	Listening on 127.0.0.1:59109
1655309428278	mozrunner::runner	INFO	Running command: "C:\\Program Files\\Mozilla Firefox\\firefox.exe" "--marionette" "--remote-debugging-port" "59110" "--remote-allow-hosts" "localhost" "-no-remote" "-profile" "C:\\Users\\Syahla\\AppData\\Local\\Temp\\rust_mozprofilepobfjN"
1655309436931	Marionette	INFO	Marionette enabled
WebDriver BiDi listening on ws://localhost:59110
console.warn: SearchSettings: "get: No settings file exists, new profile?" (new NotFoundError("Could not open the file at C:\\Users\\Syahla\\AppData\\Local\\Temp\\rust_mozprofilepobfjN\\search.json.mozlz4", (void 0)))
1655309446159	Marionette	INFO	Listening on port 59138
DevTools listening on ws://localhost:59110/devtools/browser/234499e9-6000-4d38-9014-c8072ae90d49
Read port: 59138
1655309447567	RemoteAgent	WARN	TLS certificate errors will be ignored for this session
JavaScript error: https://stockbit.com/ line 290 > injectedScript, line 1: SyntaxError: JSON.parse: unexpected character at line 1 column 1 of the JSON data
JavaScript error: https://stockbit.com/ line 290 > injectedScript, line 1: ReferenceError: fbq is not defined

###!!! [Parent][PRDDParent] Error: Send(msgname=PRDD::Msg_InitCrashReporter) Channel error: cannot send/recv

console.warn: LoginRecipes: "getRecipes: falling back to a synchronous message for:" "https://stockbit.com"
1655309523630	Marionette	WARN	TimedPromise timed out after 500 ms: stacktrace:
TimedPromise/<@chrome://remote/content/marionette/sync.js:235:19
TimedPromise@chrome://remote/content/marionette/sync.js:220:10
interaction.flushEventLoop@chrome://remote/content/marionette/interaction.js:431:10
webdriverClickElement@chrome://remote/content/marionette/interaction.js:179:31
1655309543869	Marionette	INFO	Stopped listening on port 59138
!!! error running onStopped callback: TypeError: callback is not a function
JavaScript error: resource://gre/modules/AsyncShutdown.jsm, line 718: Error: Phase "Sqlite.jsm: wait until all connections are closed" is finished, it is too late to register completion condition "protections.sqlite#0: waiting for shutdown"
