1655304517460	geckodriver	INFO	Listening on 127.0.0.1:55698
1655304522800	mozrunner::runner	INFO	Running command: "C:\\Program Files\\Mozilla Firefox\\firefox.exe" "--marionette" "--remote-debugging-port" "55699" "--remote-allow-hosts" "localhost" "-no-remote" "-profile" "C:\\Users\\Syahla\\AppData\\Local\\Temp\\rust_mozprofileSHtzaJ"
1655304535591	Marionette	INFO	Marionette enabled
WebDriver BiDi listening on ws://localhost:55699
[GFX1-]: Killing GPU process due to IPC reply timeout
[GFX1-]: Failed as lost WebRenderBridgeChild.
[GFX1-]: Fallback WR to SW-WR + D3D11
[GFX1-]: Fallback SW-WR + D3D11 to SW-WR
[GFX1-]: Failed to create remote compositor
[Parent 3976, IPC I/O Parent] WARNING: pipe error: 232: file /builds/worker/checkouts/gecko/ipc/chromium/src/chrome/common/ipc_channel_win.cc:554

###!!! [Child][PGPUChild] Error: Send(msgname=PGPU::Msg_ShutdownVR) Channel error: cannot send/recv

[Parent 3976, Main Thread] WARNING: base::KillProcess refusing to terminate process handle 0: file /builds/worker/checkouts/gecko/ipc/chromium/src/base/process_util_win.cc:405

###!!! [Child][PCompositorManagerChild] Error: RunMessage(msgname=PCompositorWidget::Msg_UpdateCompositorWnd) Channel error: cannot send/recv

console.error: Region.jsm: "Error fetching region" (new Error("TIMEOUT", "resource://gre/modules/Region.jsm", 767))
console.error: Region.jsm: "Failed to fetch region" (new Error("TIMEOUT", "resource://gre/modules/Region.jsm", 419))
[GFX1-]: Receive IPC close with reason=AbnormalShutdown
[GFX1-]: Receive IPC close with reason=AbnormalShutdown
[GFX1-]: Receive IPC close with reason=AbnormalShutdown
console.warn: SearchSettings: "get: No settings file exists, new profile?" (new NotFoundError("Could not open the file at C:\\Users\\Syahla\\AppData\\Local\\Temp\\rust_mozprofileSHtzaJ\\search.json.mozlz4", (void 0)))
1655304577835	Marionette	INFO	Listening on port 55750
DevTools listening on ws://localhost:55699/devtools/browser/e7ba3be6-8879-481d-95a8-c01ac594a1e2
Read port: 55750
1655304578846	RemoteAgent	WARN	TLS certificate errors will be ignored for this session
1655304611030	Marionette	INFO	Stopped listening on port 55750
[GFX1-]: RenderCompositorSWGL failed mapping default framebuffer, no dt
