1655306690409	geckodriver	INFO	Listening on 127.0.0.1:57467
1655306693647	mozrunner::runner	INFO	Running command: "C:\\Program Files\\Mozilla Firefox\\firefox.exe" "--marionette" "--remote-debugging-port" "57468" "--remote-allow-hosts" "localhost" "-no-remote" "-profile" "C:\\Users\\Syahla\\AppData\\Local\\Temp\\rust_mozprofilevSJwFd"
1655306702372	Marionette	INFO	Marionette enabled
WebDriver BiDi listening on ws://localhost:57468
console.error: Region.jsm: "Error fetching region" (new Error("TIMEOUT", "resource://gre/modules/Region.jsm", 767))
console.error: Region.jsm: "Failed to fetch region" (new Error("TIMEOUT", "resource://gre/modules/Region.jsm", 419))
console.warn: SearchSettings: "get: No settings file exists, new profile?" (new NotFoundError("Could not open the file at C:\\Users\\Syahla\\AppData\\Local\\Temp\\rust_mozprofilevSJwFd\\search.json.mozlz4", (void 0)))
1655306719834	Marionette	INFO	Listening on port 57498
DevTools listening on ws://localhost:57468/devtools/browser/b2a4eaf9-d5a3-4270-a431-5ad38b721bd1
Read port: 57498
1655306720909	RemoteAgent	WARN	TLS certificate errors will be ignored for this session
JavaScript error: https://stockbit.com/ line 290 > injectedScript, line 1: SyntaxError: JSON.parse: unexpected character at line 1 column 1 of the JSON data
JavaScript error: https://stockbit.com/ line 290 > injectedScript, line 1: ReferenceError: fbq is not defined
1655306779756	Marionette	WARN	TimedPromise timed out after 500 ms: stacktrace:
TimedPromise/<@chrome://remote/content/marionette/sync.js:235:19
TimedPromise@chrome://remote/content/marionette/sync.js:220:10
interaction.flushEventLoop@chrome://remote/content/marionette/interaction.js:431:10
webdriverClickElement@chrome://remote/content/marionette/interaction.js:179:31
1655306800281	Marionette	INFO	Stopped listening on port 57498
[Parent 5576, IPC I/O Parent] WARNING: file /builds/worker/checkouts/gecko/ipc/chromium/src/base/process_util_win.cc:167
[Parent 5576, IPC I/O Parent] WARNING: file /builds/worker/checkouts/gecko/ipc/chromium/src/base/process_util_win.cc:167
