1655309230335	geckodriver	INFO	Listening on 127.0.0.1:58946
1655309233355	mozrunner::runner	INFO	Running command: "C:\\Program Files\\Mozilla Firefox\\firefox.exe" "--marionette" "--remote-debugging-port" "58947" "--remote-allow-hosts" "localhost" "-no-remote" "-profile" "C:\\Users\\Syahla\\AppData\\Local\\Temp\\rust_mozprofileQoVRLx"
1655309244332	Marionette	INFO	Marionette enabled
WebDriver BiDi listening on ws://localhost:58947
console.error: Region.jsm: "Error fetching region" (new Error("TIMEOUT", "resource://gre/modules/Region.jsm", 767))
console.error: Region.jsm: "Failed to fetch region" (new Error("TIMEOUT", "resource://gre/modules/Region.jsm", 419))
console.warn: SearchSettings: "get: No settings file exists, new profile?" (new NotFoundError("Could not open the file at C:\\Users\\Syahla\\AppData\\Local\\Temp\\rust_mozprofileQoVRLx\\search.json.mozlz4", (void 0)))
1655309279120	Marionette	INFO	Listening on port 58993
DevTools listening on ws://localhost:58947/devtools/browser/b9782f17-9b01-4877-850f-e24bb1237df9
Read port: 58993
1655309296850	RemoteAgent	WARN	TLS certificate errors will be ignored for this session
JavaScript error: https://stockbit.com/ line 290 > injectedScript, line 1: SyntaxError: JSON.parse: unexpected character at line 1 column 1 of the JSON data
JavaScript error: https://stockbit.com/ line 290 > injectedScript, line 1: ReferenceError: fbq is not defined
console.warn: LoginRecipes: "getRecipes: falling back to a synchronous message for:" "https://stockbit.com"
1655309396133	Marionette	WARN	TimedPromise timed out after 500 ms: stacktrace:
TimedPromise/<@chrome://remote/content/marionette/sync.js:235:19
TimedPromise@chrome://remote/content/marionette/sync.js:220:10
interaction.flushEventLoop@chrome://remote/content/marionette/interaction.js:431:10
webdriverClickElement@chrome://remote/content/marionette/interaction.js:179:31
1655309416372	Marionette	INFO	Stopped listening on port 58993
[Parent 15728, IPC I/O Parent] WARNING: file /builds/worker/checkouts/gecko/ipc/chromium/src/base/process_util_win.cc:167
