1655386031362	geckodriver	INFO	Listening on 127.0.0.1:65117
1655386034346	mozrunner::runner	INFO	Running command: "C:\\Program Files\\Mozilla Firefox\\firefox.exe" "--marionette" "--remote-debugging-port" "65118" "--remote-allow-hosts" "localhost" "-no-remote" "-profile" "C:\\Users\\Syahla\\AppData\\Local\\Temp\\rust_mozprofile6Y6PlX"
1655386053835	Marionette	INFO	Marionette enabled
WebDriver BiDi listening on ws://localhost:65118
console.error: Region.jsm: "Error fetching region" (new Error("TIMEOUT", "resource://gre/modules/Region.jsm", 767))
console.error: Region.jsm: "Failed to fetch region" (new Error("TIMEOUT", "resource://gre/modules/Region.jsm", 419))
console.warn: SearchSettings: "get: No settings file exists, new profile?" (new NotFoundError("Could not open the file at C:\\Users\\Syahla\\AppData\\Local\\Temp\\rust_mozprofile6Y6PlX\\search.json.mozlz4", (void 0)))
1655386093918	Marionette	INFO	Listening on port 65162
DevTools listening on ws://localhost:65118/devtools/browser/20e4a80c-0416-49bc-acc2-4250d38ae1c0
Read port: 65162
1655386095578	RemoteAgent	WARN	TLS certificate errors will be ignored for this session
JavaScript warning: https://pagead2.googlesyndication.com/bg/Fp7ECwttPu2Qt8V9RhmSdP8PTUkobZWfkzIiSeRIuag.js line 2 > eval line 2418 > eval line 1 > eval line 1 > eval, line 1: WEBGL_debug_renderer_info is deprecated in Firefox and will be removed. Please use RENDERER.
JavaScript error: https://cdn.ad.plus/player/adplus.js, line 400: TypeError: e(...).setup is not a function
1655386154402	Marionette	WARN	TimedPromise timed out after 500 ms: stacktrace:
TimedPromise/<@chrome://remote/content/marionette/sync.js:235:19
TimedPromise@chrome://remote/content/marionette/sync.js:220:10
interaction.flushEventLoop@chrome://remote/content/marionette/interaction.js:431:10
webdriverClickElement@chrome://remote/content/marionette/interaction.js:179:31
JavaScript warning: https://pagead2.googlesyndication.com/bg/Fp7ECwttPu2Qt8V9RhmSdP8PTUkobZWfkzIiSeRIuag.js line 2 > eval line 1697 > eval line 1 > eval line 1 > eval, line 1: WEBGL_debug_renderer_info is deprecated in Firefox and will be removed. Please use RENDERER.
JavaScript warning: https://pagead2.googlesyndication.com/bg/Fp7ECwttPu2Qt8V9RhmSdP8PTUkobZWfkzIiSeRIuag.js line 2 > eval line 2869 > eval line 1 > eval line 1 > eval, line 1: WEBGL_debug_renderer_info is deprecated in Firefox and will be removed. Please use RENDERER.
JavaScript warning: https://pagead2.googlesyndication.com/bg/Fp7ECwttPu2Qt8V9RhmSdP8PTUkobZWfkzIiSeRIuag.js line 2 > eval line 6809 > eval line 1 > eval line 1 > eval, line 1: WEBGL_debug_renderer_info is deprecated in Firefox and will be removed. Please use RENDERER.
1655386190445	Marionette	INFO	Stopped listening on port 65162
JavaScript error: , line 0: TypeError: NetworkError when attempting to fetch resource.
JavaScript error: , line 0: TypeError: NetworkError when attempting to fetch resource.
JavaScript error: , line 0: TypeError: NetworkError when attempting to fetch resource.
