1655306942649	geckodriver	INFO	Listening on 127.0.0.1:57744
1655306945810	mozrunner::runner	INFO	Running command: "C:\\Program Files\\Mozilla Firefox\\firefox.exe" "--marionette" "--remote-debugging-port" "57745" "--remote-allow-hosts" "localhost" "-no-remote" "-profile" "C:\\Users\\Syahla\\AppData\\Local\\Temp\\rust_mozprofilej3osMF"
1655306949392	Marionette	INFO	Marionette enabled
WebDriver BiDi listening on ws://localhost:57745
console.warn: SearchSettings: "get: No settings file exists, new profile?" (new NotFoundError("Could not open the file at C:\\Users\\Syahla\\AppData\\Local\\Temp\\rust_mozprofilej3osMF\\search.json.mozlz4", (void 0)))
1655306960311	Marionette	INFO	Listening on port 57771
DevTools listening on ws://localhost:57745/devtools/browser/40d0152a-f432-4eba-b01d-af1f58ec0e00
Read port: 57771
1655306961183	RemoteAgent	WARN	TLS certificate errors will be ignored for this session
JavaScript error: https://stockbit.com/ line 290 > injectedScript, line 1: SyntaxError: JSON.parse: unexpected character at line 1 column 1 of the JSON data
JavaScript error: https://stockbit.com/ line 290 > injectedScript, line 1: ReferenceError: fbq is not defined
1655307004640	Marionette	WARN	TimedPromise timed out after 500 ms: stacktrace:
TimedPromise/<@chrome://remote/content/marionette/sync.js:235:19
TimedPromise@chrome://remote/content/marionette/sync.js:220:10
interaction.flushEventLoop@chrome://remote/content/marionette/interaction.js:431:10
webdriverClickElement@chrome://remote/content/marionette/interaction.js:179:31
console.warn: LoginRecipes: "getRecipes: falling back to a synchronous message for:" "https://stockbit.com"
1655307071287	Marionette	WARN	TimedPromise timed out after 500 ms: stacktrace:
TimedPromise/<@chrome://remote/content/marionette/sync.js:235:19
TimedPromise@chrome://remote/content/marionette/sync.js:220:10
interaction.flushEventLoop@chrome://remote/content/marionette/interaction.js:431:10
webdriverClickElement@chrome://remote/content/marionette/interaction.js:179:31
1655307091525	Marionette	INFO	Stopped listening on port 57771
[Parent 6200, IPC I/O Parent] WARNING: file /builds/worker/checkouts/gecko/ipc/chromium/src/base/process_util_win.cc:167

###!!! [Parent][PGPUParent] Error: RunMessage(msgname=PGPU::Msg_ShutdownVR) Channel closing: too late to send/recv, messages will be lost

